<?xml version="1.0" encoding="UTF-8"?>
<testsuite xmlns:xsi="http://www.w3.org/2001/XMLSchema-instance" xsi:noNamespaceSchemaLocation="https://maven.apache.org/surefire/maven-surefire-plugin/xsd/surefire-test-report.xsd" name="com.yida.AppTest" time="0.192" tests="1" errors="0" skipped="0" failures="0">
  <properties>
    <property name="sun.desktop" value="windows"/>
    <property name="awt.toolkit" value="sun.awt.windows.WToolkit"/>
    <property name="java.specification.version" value="10"/>
    <property name="file.encoding.pkg" value="sun.io"/>
    <property name="sun.cpu.isalist" value="amd64"/>
    <property name="sun.jnu.encoding" value="GBK"/>
    <property name="java.class.path" value="E:\code\MyBlogRepository\miaosha\target\test-classes;E:\code\MyBlogRepository\miaosha\target\classes;E:\develop_software\maven\respository\junit\junit\4.12\junit-4.12.jar;E:\develop_software\maven\respository\org\hamcrest\hamcrest-core\1.3\hamcrest-core-1.3.jar;E:\develop_software\maven\respository\org\apache\maven\plugins\maven-project-info-reports-plugin\3.0.0\maven-project-info-reports-plugin-3.0.0.jar;E:\develop_software\maven\respository\org\apache\maven\reporting\maven-reporting-api\3.0\maven-reporting-api-3.0.jar;E:\develop_software\maven\respository\org\apache\maven\reporting\maven-reporting-impl\3.0.0\maven-reporting-impl-3.0.0.jar;E:\develop_software\maven\respository\org\apache\maven\shared\maven-shared-utils\3.2.0\maven-shared-utils-3.2.0.jar;E:\develop_software\maven\respository\org\apache\maven\maven-artifact\3.0\maven-artifact-3.0.jar;E:\develop_software\maven\respository\org\apache\maven\maven-core\3.0\maven-core-3.0.jar;E:\develop_software\maven\respository\org\apache\maven\maven-settings-builder\3.0\maven-settings-builder-3.0.jar;E:\develop_software\maven\respository\org\apache\maven\maven-model-builder\3.0\maven-model-builder-3.0.jar;E:\develop_software\maven\respository\org\apache\maven\maven-aether-provider\3.0\maven-aether-provider-3.0.jar;E:\develop_software\maven\respository\org\sonatype\aether\aether-impl\1.7\aether-impl-1.7.jar;E:\develop_software\maven\respository\org\sonatype\aether\aether-spi\1.7\aether-spi-1.7.jar;E:\develop_software\maven\respository\org\sonatype\aether\aether-api\1.7\aether-api-1.7.jar;E:\develop_software\maven\respository\org\sonatype\aether\aether-util\1.7\aether-util-1.7.jar;E:\develop_software\maven\respository\org\sonatype\sisu\sisu-inject-plexus\1.4.2\sisu-inject-plexus-1.4.2.jar;E:\develop_software\maven\respository\org\sonatype\sisu\sisu-inject-bean\1.4.2\sisu-inject-bean-1.4.2.jar;E:\develop_software\maven\respository\org\sonatype\sisu\sisu-guice\2.1.7\sisu-guice-2.1.7-noaop.jar;E:\develop_software\maven\respository\org\codehaus\plexus\plexus-classworlds\2.2.3\plexus-classworlds-2.2.3.jar;E:\develop_software\maven\respository\org\codehaus\plexus\plexus-component-annotations\1.5.5\plexus-component-annotations-1.5.5.jar;E:\develop_software\maven\respository\org\sonatype\plexus\plexus-sec-dispatcher\1.3\plexus-sec-dispatcher-1.3.jar;E:\develop_software\maven\respository\org\sonatype\plexus\plexus-cipher\1.4\plexus-cipher-1.4.jar;E:\develop_software\maven\respository\org\apache\maven\maven-model\3.0\maven-model-3.0.jar;E:\develop_software\maven\respository\org\apache\maven\maven-plugin-api\3.0\maven-plugin-api-3.0.jar;E:\develop_software\maven\respository\org\apache\maven\maven-repository-metadata\3.0\maven-repository-metadata-3.0.jar;E:\develop_software\maven\respository\org\apache\maven\maven-settings\3.0\maven-settings-3.0.jar;E:\develop_software\maven\respository\org\apache\maven\shared\maven-dependency-tree\2.2\maven-dependency-tree-2.2.jar;E:\develop_software\maven\respository\org\eclipse\aether\aether-util\0.9.0.M2\aether-util-0.9.0.M2.jar;E:\develop_software\maven\respository\org\apache\maven\shared\maven-shared-jar\1.2\maven-shared-jar-1.2.jar;E:\develop_software\maven\respository\org\codehaus\plexus\plexus-digest\1.0\plexus-digest-1.0.jar;E:\develop_software\maven\respository\org\codehaus\plexus\plexus-container-default\1.0-alpha-8\plexus-container-default-1.0-alpha-8.jar;E:\develop_software\maven\respository\classworlds\classworlds\1.1-alpha-2\classworlds-1.1-alpha-2.jar;E:\develop_software\maven\respository\commons-collections\commons-collections\3.1\commons-collections-3.1.jar;E:\develop_software\maven\respository\org\apache\bcel\bcel\6.2\bcel-6.2.jar;E:\develop_software\maven\respository\org\apache\maven\shared\maven-common-artifact-filters\3.0.1\maven-common-artifact-filters-3.0.1.jar;E:\develop_software\maven\respository\org\apache\maven\shared\maven-artifact-transfer\0.9.1\maven-artifact-transfer-0.9.1.jar;E:\develop_software\maven\respository\commons-codec\commons-codec\1.11\commons-codec-1.11.jar;E:\develop_software\maven\respository\org\apache\maven\scm\maven-scm-api\1.10.0\maven-scm-api-1.10.0.jar;E:\develop_software\maven\respository\org\apache\maven\scm\maven-scm-manager-plexus\1.10.0\maven-scm-manager-plexus-1.10.0.jar;E:\develop_software\maven\respository\org\apache\maven\scm\maven-scm-provider-hg\1.10.0\maven-scm-provider-hg-1.10.0.jar;E:\develop_software\maven\respository\org\apache\maven\scm\maven-scm-provider-perforce\1.10.0\maven-scm-provider-perforce-1.10.0.jar;E:\develop_software\maven\respository\org\apache\maven\scm\maven-scm-provider-starteam\1.10.0\maven-scm-provider-starteam-1.10.0.jar;E:\develop_software\maven\respository\org\apache\maven\scm\maven-scm-provider-svn-commons\1.10.0\maven-scm-provider-svn-commons-1.10.0.jar;E:\develop_software\maven\respository\org\apache\maven\scm\maven-scm-provider-svnexe\1.10.0\maven-scm-provider-svnexe-1.10.0.jar;E:\develop_software\maven\respository\commons-lang\commons-lang\2.6\commons-lang-2.6.jar;E:\develop_software\maven\respository\org\apache\maven\scm\maven-scm-provider-cvs-commons\1.10.0\maven-scm-provider-cvs-commons-1.10.0.jar;E:\develop_software\maven\respository\org\apache\maven\scm\maven-scm-provider-cvsexe\1.10.0\maven-scm-provider-cvsexe-1.10.0.jar;E:\develop_software\maven\respository\org\apache\maven\scm\maven-scm-provider-cvsjava\1.10.0\maven-scm-provider-cvsjava-1.10.0.jar;E:\develop_software\maven\respository\org\netbeans\lib\cvsclient\20060125\cvsclient-20060125.jar;E:\develop_software\maven\respository\ch\ethz\ganymed\ganymed-ssh2\build210\ganymed-ssh2-build210.jar;E:\develop_software\maven\respository\org\apache\maven\scm\maven-scm-provider-git-commons\1.10.0\maven-scm-provider-git-commons-1.10.0.jar;E:\develop_software\maven\respository\org\apache\maven\scm\maven-scm-provider-gitexe\1.10.0\maven-scm-provider-gitexe-1.10.0.jar;E:\develop_software\maven\respository\commons-io\commons-io\2.2\commons-io-2.2.jar;E:\develop_software\maven\respository\org\apache\maven\doxia\doxia-sink-api\1.8\doxia-sink-api-1.8.jar;E:\develop_software\maven\respository\org\apache\maven\doxia\doxia-logging-api\1.8\doxia-logging-api-1.8.jar;E:\develop_software\maven\respository\org\apache\maven\doxia\doxia-core\1.8\doxia-core-1.8.jar;E:\develop_software\maven\respository\org\apache\httpcomponents\httpclient\4.5.9\httpclient-4.5.9.jar;E:\develop_software\maven\respository\org\apache\httpcomponents\httpcore\4.4.11\httpcore-4.4.11.jar;E:\develop_software\maven\respository\org\apache\maven\doxia\doxia-decoration-model\1.8.1\doxia-decoration-model-1.8.1.jar;E:\develop_software\maven\respository\org\apache\maven\doxia\doxia-site-renderer\1.8.1\doxia-site-renderer-1.8.1.jar;E:\develop_software\maven\respository\org\apache\maven\doxia\doxia-skin-model\1.8.1\doxia-skin-model-1.8.1.jar;E:\develop_software\maven\respository\org\apache\maven\doxia\doxia-module-xhtml\1.8\doxia-module-xhtml-1.8.jar;E:\develop_software\maven\respository\org\codehaus\plexus\plexus-velocity\1.2\plexus-velocity-1.2.jar;E:\develop_software\maven\respository\org\apache\velocity\velocity\1.7\velocity-1.7.jar;E:\develop_software\maven\respository\org\apache\velocity\velocity-tools\2.0\velocity-tools-2.0.jar;E:\develop_software\maven\respository\commons-chain\commons-chain\1.1\commons-chain-1.1.jar;E:\develop_software\maven\respository\dom4j\dom4j\1.6.1\dom4j-1.6.1.jar;E:\develop_software\maven\respository\xml-apis\xml-apis\1.4.01\xml-apis-1.4.01.jar;E:\develop_software\maven\respository\oro\oro\2.0.8\oro-2.0.8.jar;E:\develop_software\maven\respository\sslext\sslext\1.2-0\sslext-1.2-0.jar;E:\develop_software\maven\respository\org\apache\struts\struts-core\1.3.8\struts-core-1.3.8.jar;E:\develop_software\maven\respository\antlr\antlr\2.7.7\antlr-2.7.7.jar;E:\develop_software\maven\respository\org\apache\struts\struts-taglib\1.3.8\struts-taglib-1.3.8.jar;E:\develop_software\maven\respository\org\apache\struts\struts-tiles\1.3.8\struts-tiles-1.3.8.jar;E:\develop_software\maven\respository\org\apache\maven\doxia\doxia-integration-tools\1.8.1\doxia-integration-tools-1.8.1.jar;E:\develop_software\maven\respository\org\codehaus\plexus\plexus-i18n\1.0-beta-10\plexus-i18n-1.0-beta-10.jar;E:\develop_software\maven\respository\org\codehaus\plexus\plexus-utils\3.1.0\plexus-utils-3.1.0.jar;E:\develop_software\maven\respository\org\codehaus\plexus\plexus-interpolation\1.25\plexus-interpolation-1.25.jar;E:\develop_software\maven\respository\org\apache\maven\wagon\wagon-http-lightweight\3.1.0\wagon-http-lightweight-3.1.0.jar;E:\develop_software\maven\respository\org\apache\maven\wagon\wagon-http-shared\3.1.0\wagon-http-shared-3.1.0.jar;E:\develop_software\maven\respository\org\jsoup\jsoup\1.11.2\jsoup-1.11.2.jar;E:\develop_software\maven\respository\org\apache\maven\wagon\wagon-provider-api\3.1.0\wagon-provider-api-3.1.0.jar;E:\develop_software\maven\respository\commons-validator\commons-validator\1.6\commons-validator-1.6.jar;E:\develop_software\maven\respository\commons-beanutils\commons-beanutils\1.9.2\commons-beanutils-1.9.2.jar;E:\develop_software\maven\respository\commons-digester\commons-digester\1.8.1\commons-digester-1.8.1.jar;E:\develop_software\maven\respository\commons-logging\commons-logging\1.2\commons-logging-1.2.jar;E:\develop_software\maven\respository\org\springframework\boot\spring-boot-starter-web\2.1.6.RELEASE\spring-boot-starter-web-2.1.6.RELEASE.jar;E:\develop_software\maven\respository\org\springframework\boot\spring-boot-starter-json\2.1.6.RELEASE\spring-boot-starter-json-2.1.6.RELEASE.jar;E:\develop_software\maven\respository\com\fasterxml\jackson\core\jackson-databind\2.9.9\jackson-databind-2.9.9.jar;E:\develop_software\maven\respository\com\fasterxml\jackson\core\jackson-annotations\2.9.0\jackson-annotations-2.9.0.jar;E:\develop_software\maven\respository\com\fasterxml\jackson\core\jackson-core\2.9.9\jackson-core-2.9.9.jar;E:\develop_software\maven\respository\com\fasterxml\jackson\datatype\jackson-datatype-jdk8\2.9.9\jackson-datatype-jdk8-2.9.9.jar;E:\develop_software\maven\respository\com\fasterxml\jackson\datatype\jackson-datatype-jsr310\2.9.9\jackson-datatype-jsr310-2.9.9.jar;E:\develop_software\maven\respository\com\fasterxml\jackson\module\jackson-module-parameter-names\2.9.9\jackson-module-parameter-names-2.9.9.jar;E:\develop_software\maven\respository\org\springframework\boot\spring-boot-starter-tomcat\2.1.6.RELEASE\spring-boot-starter-tomcat-2.1.6.RELEASE.jar;E:\develop_software\maven\respository\org\apache\tomcat\embed\tomcat-embed-core\9.0.21\tomcat-embed-core-9.0.21.jar;E:\develop_software\maven\respository\org\apache\tomcat\embed\tomcat-embed-el\9.0.21\tomcat-embed-el-9.0.21.jar;E:\develop_software\maven\respository\org\apache\tomcat\embed\tomcat-embed-websocket\9.0.21\tomcat-embed-websocket-9.0.21.jar;E:\develop_software\maven\respository\org\springframework\spring-web\5.1.8.RELEASE\spring-web-5.1.8.RELEASE.jar;E:\develop_software\maven\respository\org\springframework\spring-beans\5.1.8.RELEASE\spring-beans-5.1.8.RELEASE.jar;E:\develop_software\maven\respository\org\springframework\spring-webmvc\5.1.8.RELEASE\spring-webmvc-5.1.8.RELEASE.jar;E:\develop_software\maven\respository\org\springframework\spring-context\5.1.8.RELEASE\spring-context-5.1.8.RELEASE.jar;E:\develop_software\maven\respository\org\springframework\spring-expression\5.1.8.RELEASE\spring-expression-5.1.8.RELEASE.jar;E:\develop_software\maven\respository\org\springframework\boot\spring-boot-starter-test\2.1.6.RELEASE\spring-boot-starter-test-2.1.6.RELEASE.jar;E:\develop_software\maven\respository\org\springframework\boot\spring-boot-test-autoconfigure\2.1.6.RELEASE\spring-boot-test-autoconfigure-2.1.6.RELEASE.jar;E:\develop_software\maven\respository\org\assertj\assertj-core\3.11.1\assertj-core-3.11.1.jar;E:\develop_software\maven\respository\org\mockito\mockito-core\2.23.4\mockito-core-2.23.4.jar;E:\develop_software\maven\respository\net\bytebuddy\byte-buddy\1.9.13\byte-buddy-1.9.13.jar;E:\develop_software\maven\respository\net\bytebuddy\byte-buddy-agent\1.9.13\byte-buddy-agent-1.9.13.jar;E:\develop_software\maven\respository\org\objenesis\objenesis\2.6\objenesis-2.6.jar;E:\develop_software\maven\respository\org\hamcrest\hamcrest-library\1.3\hamcrest-library-1.3.jar;E:\develop_software\maven\respository\org\skyscreamer\jsonassert\1.5.0\jsonassert-1.5.0.jar;E:\develop_software\maven\respository\com\vaadin\external\google\android-json\0.0.20131108.vaadin1\android-json-0.0.20131108.vaadin1.jar;E:\develop_software\maven\respository\org\springframework\spring-core\5.1.8.RELEASE\spring-core-5.1.8.RELEASE.jar;E:\develop_software\maven\respository\org\springframework\spring-jcl\5.1.8.RELEASE\spring-jcl-5.1.8.RELEASE.jar;E:\develop_software\maven\respository\org\xmlunit\xmlunit-core\2.6.2\xmlunit-core-2.6.2.jar;E:\develop_software\maven\respository\javax\xml\bind\jaxb-api\2.3.1\jaxb-api-2.3.1.jar;E:\develop_software\maven\respository\javax\activation\javax.activation-api\1.2.0\javax.activation-api-1.2.0.jar;E:\develop_software\maven\respository\com\jayway\jsonpath\json-path\2.4.0\json-path-2.4.0.jar;E:\develop_software\maven\respository\net\minidev\json-smart\2.3\json-smart-2.3.jar;E:\develop_software\maven\respository\net\minidev\accessors-smart\1.2\accessors-smart-1.2.jar;E:\develop_software\maven\respository\org\ow2\asm\asm\5.0.4\asm-5.0.4.jar;E:\develop_software\maven\respository\org\slf4j\slf4j-api\1.7.26\slf4j-api-1.7.26.jar;E:\develop_software\maven\respository\mysql\mysql-connector-java\5.1.41\mysql-connector-java-5.1.41.jar;E:\develop_software\maven\respository\com\alibaba\druid\1.1.3\druid-1.1.3.jar;E:\develop_software\maven\respository\org\mybatis\spring\boot\mybatis-spring-boot-starter\1.3.1\mybatis-spring-boot-starter-1.3.1.jar;E:\develop_software\maven\respository\org\springframework\boot\spring-boot-starter-jdbc\2.1.6.RELEASE\spring-boot-starter-jdbc-2.1.6.RELEASE.jar;E:\develop_software\maven\respository\com\zaxxer\HikariCP\3.2.0\HikariCP-3.2.0.jar;E:\develop_software\maven\respository\org\springframework\spring-jdbc\5.1.8.RELEASE\spring-jdbc-5.1.8.RELEASE.jar;E:\develop_software\maven\respository\org\mybatis\spring\boot\mybatis-spring-boot-autoconfigure\1.3.1\mybatis-spring-boot-autoconfigure-1.3.1.jar;E:\develop_software\maven\respository\org\mybatis\mybatis\3.4.5\mybatis-3.4.5.jar;E:\develop_software\maven\respository\org\mybatis\mybatis-spring\1.3.1\mybatis-spring-1.3.1.jar;E:\develop_software\maven\respository\org\springframework\boot\spring-boot-starter\2.1.6.RELEASE\spring-boot-starter-2.1.6.RELEASE.jar;E:\develop_software\maven\respository\org\springframework\boot\spring-boot\2.1.6.RELEASE\spring-boot-2.1.6.RELEASE.jar;E:\develop_software\maven\respository\org\springframework\boot\spring-boot-autoconfigure\2.1.6.RELEASE\spring-boot-autoconfigure-2.1.6.RELEASE.jar;E:\develop_software\maven\respository\javax\annotation\javax.annotation-api\1.3.2\javax.annotation-api-1.3.2.jar;E:\develop_software\maven\respository\org\yaml\snakeyaml\1.23\snakeyaml-1.23.jar;E:\develop_software\maven\respository\org\springframework\boot\spring-boot-starter-log4j2\2.1.6.RELEASE\spring-boot-starter-log4j2-2.1.6.RELEASE.jar;E:\develop_software\maven\respository\org\apache\logging\log4j\log4j-slf4j-impl\2.11.2\log4j-slf4j-impl-2.11.2.jar;E:\develop_software\maven\respository\org\apache\logging\log4j\log4j-api\2.11.2\log4j-api-2.11.2.jar;E:\develop_software\maven\respository\org\apache\logging\log4j\log4j-core\2.11.2\log4j-core-2.11.2.jar;E:\develop_software\maven\respository\org\apache\logging\log4j\log4j-jul\2.11.2\log4j-jul-2.11.2.jar;E:\develop_software\maven\respository\org\slf4j\jul-to-slf4j\1.7.26\jul-to-slf4j-1.7.26.jar;E:\develop_software\maven\respository\org\springframework\boot\spring-boot-starter-aop\2.1.6.RELEASE\spring-boot-starter-aop-2.1.6.RELEASE.jar;E:\develop_software\maven\respository\org\springframework\spring-aop\5.1.8.RELEASE\spring-aop-5.1.8.RELEASE.jar;E:\develop_software\maven\respository\org\aspectj\aspectjweaver\1.9.4\aspectjweaver-1.9.4.jar;E:\develop_software\maven\respository\org\apache\commons\commons-lang3\3.7\commons-lang3-3.7.jar;E:\develop_software\maven\respository\javax\validation\validation-api\2.0.1.Final\validation-api-2.0.1.Final.jar;E:\develop_software\maven\respository\org\hibernate\validator\hibernate-validator\6.0.16.Final\hibernate-validator-6.0.16.Final.jar;E:\develop_software\maven\respository\org\jboss\logging\jboss-logging\3.3.2.Final\jboss-logging-3.3.2.Final.jar;E:\develop_software\maven\respository\com\fasterxml\classmate\1.4.0\classmate-1.4.0.jar;E:\develop_software\maven\respository\org\springframework\boot\spring-boot-starter-cache\2.1.6.RELEASE\spring-boot-starter-cache-2.1.6.RELEASE.jar;E:\develop_software\maven\respository\org\springframework\spring-context-support\5.1.8.RELEASE\spring-context-support-5.1.8.RELEASE.jar;E:\develop_software\maven\respository\org\springframework\boot\spring-boot-starter-data-redis\2.1.6.RELEASE\spring-boot-starter-data-redis-2.1.6.RELEASE.jar;E:\develop_software\maven\respository\org\springframework\data\spring-data-redis\2.1.9.RELEASE\spring-data-redis-2.1.9.RELEASE.jar;E:\develop_software\maven\respository\org\springframework\data\spring-data-keyvalue\2.1.9.RELEASE\spring-data-keyvalue-2.1.9.RELEASE.jar;E:\develop_software\maven\respository\org\springframework\data\spring-data-commons\2.1.9.RELEASE\spring-data-commons-2.1.9.RELEASE.jar;E:\develop_software\maven\respository\org\springframework\spring-tx\5.1.8.RELEASE\spring-tx-5.1.8.RELEASE.jar;E:\develop_software\maven\respository\org\springframework\spring-oxm\5.1.8.RELEASE\spring-oxm-5.1.8.RELEASE.jar;E:\develop_software\maven\respository\io\lettuce\lettuce-core\5.1.7.RELEASE\lettuce-core-5.1.7.RELEASE.jar;E:\develop_software\maven\respository\io\netty\netty-common\4.1.36.Final\netty-common-4.1.36.Final.jar;E:\develop_software\maven\respository\io\netty\netty-handler\4.1.36.Final\netty-handler-4.1.36.Final.jar;E:\develop_software\maven\respository\io\netty\netty-buffer\4.1.36.Final\netty-buffer-4.1.36.Final.jar;E:\develop_software\maven\respository\io\netty\netty-codec\4.1.36.Final\netty-codec-4.1.36.Final.jar;E:\develop_software\maven\respository\io\netty\netty-transport\4.1.36.Final\netty-transport-4.1.36.Final.jar;E:\develop_software\maven\respository\io\netty\netty-resolver\4.1.36.Final\netty-resolver-4.1.36.Final.jar;E:\develop_software\maven\respository\io\projectreactor\reactor-core\3.2.10.RELEASE\reactor-core-3.2.10.RELEASE.jar;E:\develop_software\maven\respository\org\reactivestreams\reactive-streams\1.0.2\reactive-streams-1.0.2.jar;E:\develop_software\maven\respository\org\apache\commons\commons-pool2\2.6.2\commons-pool2-2.6.2.jar;E:\develop_software\maven\respository\com\alibaba\fastjson\1.2.56\fastjson-1.2.56.jar;E:\develop_software\maven\respository\org\springframework\boot\spring-boot-test\2.1.6.RELEASE\spring-boot-test-2.1.6.RELEASE.jar;E:\develop_software\maven\respository\org\springframework\spring-test\5.1.8.RELEASE\spring-test-5.1.8.RELEASE.jar;"/>
    <property name="java.vm.vendor" value="&quot;Oracle Corporation&quot;"/>
    <property name="sun.arch.data.model" value="64"/>
    <property name="user.variant" value=""/>
    <property name="java.vendor.url" value="http://java.oracle.com/"/>
    <property name="user.timezone" value="Asia/Shanghai"/>
    <property name="java.vm.specification.version" value="10"/>
    <property name="os.name" value="Windows 10"/>
    <property name="sun.java.launcher" value="SUN_STANDARD"/>
    <property name="user.country" value="CN"/>
    <property name="sun.boot.library.path" value="C:\Program Files\Java\jdk-10.0.1\bin"/>
    <property name="sun.java.command" value="C:\Users\Chan\AppData\Local\Temp\surefire6157782820526008323\surefirebooter3959718612008857397.jar C:\Users\Chan\AppData\Local\Temp\surefire6157782820526008323 2019-07-25T15-36-27_161-jvmRun1 surefire1358369378166659645tmp surefire_06217976560075261198tmp"/>
    <property name="jdk.debug" value="release"/>
    <property name="surefire.test.class.path" value="E:\code\MyBlogRepository\miaosha\target\test-classes;E:\code\MyBlogRepository\miaosha\target\classes;E:\develop_software\maven\respository\junit\junit\4.12\junit-4.12.jar;E:\develop_software\maven\respository\org\hamcrest\hamcrest-core\1.3\hamcrest-core-1.3.jar;E:\develop_software\maven\respository\org\apache\maven\plugins\maven-project-info-reports-plugin\3.0.0\maven-project-info-reports-plugin-3.0.0.jar;E:\develop_software\maven\respository\org\apache\maven\reporting\maven-reporting-api\3.0\maven-reporting-api-3.0.jar;E:\develop_software\maven\respository\org\apache\maven\reporting\maven-reporting-impl\3.0.0\maven-reporting-impl-3.0.0.jar;E:\develop_software\maven\respository\org\apache\maven\shared\maven-shared-utils\3.2.0\maven-shared-utils-3.2.0.jar;E:\develop_software\maven\respository\org\apache\maven\maven-artifact\3.0\maven-artifact-3.0.jar;E:\develop_software\maven\respository\org\apache\maven\maven-core\3.0\maven-core-3.0.jar;E:\develop_software\maven\respository\org\apache\maven\maven-settings-builder\3.0\maven-settings-builder-3.0.jar;E:\develop_software\maven\respository\org\apache\maven\maven-model-builder\3.0\maven-model-builder-3.0.jar;E:\develop_software\maven\respository\org\apache\maven\maven-aether-provider\3.0\maven-aether-provider-3.0.jar;E:\develop_software\maven\respository\org\sonatype\aether\aether-impl\1.7\aether-impl-1.7.jar;E:\develop_software\maven\respository\org\sonatype\aether\aether-spi\1.7\aether-spi-1.7.jar;E:\develop_software\maven\respository\org\sonatype\aether\aether-api\1.7\aether-api-1.7.jar;E:\develop_software\maven\respository\org\sonatype\aether\aether-util\1.7\aether-util-1.7.jar;E:\develop_software\maven\respository\org\sonatype\sisu\sisu-inject-plexus\1.4.2\sisu-inject-plexus-1.4.2.jar;E:\develop_software\maven\respository\org\sonatype\sisu\sisu-inject-bean\1.4.2\sisu-inject-bean-1.4.2.jar;E:\develop_software\maven\respository\org\sonatype\sisu\sisu-guice\2.1.7\sisu-guice-2.1.7-noaop.jar;E:\develop_software\maven\respository\org\codehaus\plexus\plexus-classworlds\2.2.3\plexus-classworlds-2.2.3.jar;E:\develop_software\maven\respository\org\codehaus\plexus\plexus-component-annotations\1.5.5\plexus-component-annotations-1.5.5.jar;E:\develop_software\maven\respository\org\sonatype\plexus\plexus-sec-dispatcher\1.3\plexus-sec-dispatcher-1.3.jar;E:\develop_software\maven\respository\org\sonatype\plexus\plexus-cipher\1.4\plexus-cipher-1.4.jar;E:\develop_software\maven\respository\org\apache\maven\maven-model\3.0\maven-model-3.0.jar;E:\develop_software\maven\respository\org\apache\maven\maven-plugin-api\3.0\maven-plugin-api-3.0.jar;E:\develop_software\maven\respository\org\apache\maven\maven-repository-metadata\3.0\maven-repository-metadata-3.0.jar;E:\develop_software\maven\respository\org\apache\maven\maven-settings\3.0\maven-settings-3.0.jar;E:\develop_software\maven\respository\org\apache\maven\shared\maven-dependency-tree\2.2\maven-dependency-tree-2.2.jar;E:\develop_software\maven\respository\org\eclipse\aether\aether-util\0.9.0.M2\aether-util-0.9.0.M2.jar;E:\develop_software\maven\respository\org\apache\maven\shared\maven-shared-jar\1.2\maven-shared-jar-1.2.jar;E:\develop_software\maven\respository\org\codehaus\plexus\plexus-digest\1.0\plexus-digest-1.0.jar;E:\develop_software\maven\respository\org\codehaus\plexus\plexus-container-default\1.0-alpha-8\plexus-container-default-1.0-alpha-8.jar;E:\develop_software\maven\respository\classworlds\classworlds\1.1-alpha-2\classworlds-1.1-alpha-2.jar;E:\develop_software\maven\respository\commons-collections\commons-collections\3.1\commons-collections-3.1.jar;E:\develop_software\maven\respository\org\apache\bcel\bcel\6.2\bcel-6.2.jar;E:\develop_software\maven\respository\org\apache\maven\shared\maven-common-artifact-filters\3.0.1\maven-common-artifact-filters-3.0.1.jar;E:\develop_software\maven\respository\org\apache\maven\shared\maven-artifact-transfer\0.9.1\maven-artifact-transfer-0.9.1.jar;E:\develop_software\maven\respository\commons-codec\commons-codec\1.11\commons-codec-1.11.jar;E:\develop_software\maven\respository\org\apache\maven\scm\maven-scm-api\1.10.0\maven-scm-api-1.10.0.jar;E:\develop_software\maven\respository\org\apache\maven\scm\maven-scm-manager-plexus\1.10.0\maven-scm-manager-plexus-1.10.0.jar;E:\develop_software\maven\respository\org\apache\maven\scm\maven-scm-provider-hg\1.10.0\maven-scm-provider-hg-1.10.0.jar;E:\develop_software\maven\respository\org\apache\maven\scm\maven-scm-provider-perforce\1.10.0\maven-scm-provider-perforce-1.10.0.jar;E:\develop_software\maven\respository\org\apache\maven\scm\maven-scm-provider-starteam\1.10.0\maven-scm-provider-starteam-1.10.0.jar;E:\develop_software\maven\respository\org\apache\maven\scm\maven-scm-provider-svn-commons\1.10.0\maven-scm-provider-svn-commons-1.10.0.jar;E:\develop_software\maven\respository\org\apache\maven\scm\maven-scm-provider-svnexe\1.10.0\maven-scm-provider-svnexe-1.10.0.jar;E:\develop_software\maven\respository\commons-lang\commons-lang\2.6\commons-lang-2.6.jar;E:\develop_software\maven\respository\org\apache\maven\scm\maven-scm-provider-cvs-commons\1.10.0\maven-scm-provider-cvs-commons-1.10.0.jar;E:\develop_software\maven\respository\org\apache\maven\scm\maven-scm-provider-cvsexe\1.10.0\maven-scm-provider-cvsexe-1.10.0.jar;E:\develop_software\maven\respository\org\apache\maven\scm\maven-scm-provider-cvsjava\1.10.0\maven-scm-provider-cvsjava-1.10.0.jar;E:\develop_software\maven\respository\org\netbeans\lib\cvsclient\20060125\cvsclient-20060125.jar;E:\develop_software\maven\respository\ch\ethz\ganymed\ganymed-ssh2\build210\ganymed-ssh2-build210.jar;E:\develop_software\maven\respository\org\apache\maven\scm\maven-scm-provider-git-commons\1.10.0\maven-scm-provider-git-commons-1.10.0.jar;E:\develop_software\maven\respository\org\apache\maven\scm\maven-scm-provider-gitexe\1.10.0\maven-scm-provider-gitexe-1.10.0.jar;E:\develop_software\maven\respository\commons-io\commons-io\2.2\commons-io-2.2.jar;E:\develop_software\maven\respository\org\apache\maven\doxia\doxia-sink-api\1.8\doxia-sink-api-1.8.jar;E:\develop_software\maven\respository\org\apache\maven\doxia\doxia-logging-api\1.8\doxia-logging-api-1.8.jar;E:\develop_software\maven\respository\org\apache\maven\doxia\doxia-core\1.8\doxia-core-1.8.jar;E:\develop_software\maven\respository\org\apache\httpcomponents\httpclient\4.5.9\httpclient-4.5.9.jar;E:\develop_software\maven\respository\org\apache\httpcomponents\httpcore\4.4.11\httpcore-4.4.11.jar;E:\develop_software\maven\respository\org\apache\maven\doxia\doxia-decoration-model\1.8.1\doxia-decoration-model-1.8.1.jar;E:\develop_software\maven\respository\org\apache\maven\doxia\doxia-site-renderer\1.8.1\doxia-site-renderer-1.8.1.jar;E:\develop_software\maven\respository\org\apache\maven\doxia\doxia-skin-model\1.8.1\doxia-skin-model-1.8.1.jar;E:\develop_software\maven\respository\org\apache\maven\doxia\doxia-module-xhtml\1.8\doxia-module-xhtml-1.8.jar;E:\develop_software\maven\respository\org\codehaus\plexus\plexus-velocity\1.2\plexus-velocity-1.2.jar;E:\develop_software\maven\respository\org\apache\velocity\velocity\1.7\velocity-1.7.jar;E:\develop_software\maven\respository\org\apache\velocity\velocity-tools\2.0\velocity-tools-2.0.jar;E:\develop_software\maven\respository\commons-chain\commons-chain\1.1\commons-chain-1.1.jar;E:\develop_software\maven\respository\dom4j\dom4j\1.6.1\dom4j-1.6.1.jar;E:\develop_software\maven\respository\xml-apis\xml-apis\1.4.01\xml-apis-1.4.01.jar;E:\develop_software\maven\respository\oro\oro\2.0.8\oro-2.0.8.jar;E:\develop_software\maven\respository\sslext\sslext\1.2-0\sslext-1.2-0.jar;E:\develop_software\maven\respository\org\apache\struts\struts-core\1.3.8\struts-core-1.3.8.jar;E:\develop_software\maven\respository\antlr\antlr\2.7.7\antlr-2.7.7.jar;E:\develop_software\maven\respository\org\apache\struts\struts-taglib\1.3.8\struts-taglib-1.3.8.jar;E:\develop_software\maven\respository\org\apache\struts\struts-tiles\1.3.8\struts-tiles-1.3.8.jar;E:\develop_software\maven\respository\org\apache\maven\doxia\doxia-integration-tools\1.8.1\doxia-integration-tools-1.8.1.jar;E:\develop_software\maven\respository\org\codehaus\plexus\plexus-i18n\1.0-beta-10\plexus-i18n-1.0-beta-10.jar;E:\develop_software\maven\respository\org\codehaus\plexus\plexus-utils\3.1.0\plexus-utils-3.1.0.jar;E:\develop_software\maven\respository\org\codehaus\plexus\plexus-interpolation\1.25\plexus-interpolation-1.25.jar;E:\develop_software\maven\respository\org\apache\maven\wagon\wagon-http-lightweight\3.1.0\wagon-http-lightweight-3.1.0.jar;E:\develop_software\maven\respository\org\apache\maven\wagon\wagon-http-shared\3.1.0\wagon-http-shared-3.1.0.jar;E:\develop_software\maven\respository\org\jsoup\jsoup\1.11.2\jsoup-1.11.2.jar;E:\develop_software\maven\respository\org\apache\maven\wagon\wagon-provider-api\3.1.0\wagon-provider-api-3.1.0.jar;E:\develop_software\maven\respository\commons-validator\commons-validator\1.6\commons-validator-1.6.jar;E:\develop_software\maven\respository\commons-beanutils\commons-beanutils\1.9.2\commons-beanutils-1.9.2.jar;E:\develop_software\maven\respository\commons-digester\commons-digester\1.8.1\commons-digester-1.8.1.jar;E:\develop_software\maven\respository\commons-logging\commons-logging\1.2\commons-logging-1.2.jar;E:\develop_software\maven\respository\org\springframework\boot\spring-boot-starter-web\2.1.6.RELEASE\spring-boot-starter-web-2.1.6.RELEASE.jar;E:\develop_software\maven\respository\org\springframework\boot\spring-boot-starter-json\2.1.6.RELEASE\spring-boot-starter-json-2.1.6.RELEASE.jar;E:\develop_software\maven\respository\com\fasterxml\jackson\core\jackson-databind\2.9.9\jackson-databind-2.9.9.jar;E:\develop_software\maven\respository\com\fasterxml\jackson\core\jackson-annotations\2.9.0\jackson-annotations-2.9.0.jar;E:\develop_software\maven\respository\com\fasterxml\jackson\core\jackson-core\2.9.9\jackson-core-2.9.9.jar;E:\develop_software\maven\respository\com\fasterxml\jackson\datatype\jackson-datatype-jdk8\2.9.9\jackson-datatype-jdk8-2.9.9.jar;E:\develop_software\maven\respository\com\fasterxml\jackson\datatype\jackson-datatype-jsr310\2.9.9\jackson-datatype-jsr310-2.9.9.jar;E:\develop_software\maven\respository\com\fasterxml\jackson\module\jackson-module-parameter-names\2.9.9\jackson-module-parameter-names-2.9.9.jar;E:\develop_software\maven\respository\org\springframework\boot\spring-boot-starter-tomcat\2.1.6.RELEASE\spring-boot-starter-tomcat-2.1.6.RELEASE.jar;E:\develop_software\maven\respository\org\apache\tomcat\embed\tomcat-embed-core\9.0.21\tomcat-embed-core-9.0.21.jar;E:\develop_software\maven\respository\org\apache\tomcat\embed\tomcat-embed-el\9.0.21\tomcat-embed-el-9.0.21.jar;E:\develop_software\maven\respository\org\apache\tomcat\embed\tomcat-embed-websocket\9.0.21\tomcat-embed-websocket-9.0.21.jar;E:\develop_software\maven\respository\org\springframework\spring-web\5.1.8.RELEASE\spring-web-5.1.8.RELEASE.jar;E:\develop_software\maven\respository\org\springframework\spring-beans\5.1.8.RELEASE\spring-beans-5.1.8.RELEASE.jar;E:\develop_software\maven\respository\org\springframework\spring-webmvc\5.1.8.RELEASE\spring-webmvc-5.1.8.RELEASE.jar;E:\develop_software\maven\respository\org\springframework\spring-context\5.1.8.RELEASE\spring-context-5.1.8.RELEASE.jar;E:\develop_software\maven\respository\org\springframework\spring-expression\5.1.8.RELEASE\spring-expression-5.1.8.RELEASE.jar;E:\develop_software\maven\respository\org\springframework\boot\spring-boot-starter-test\2.1.6.RELEASE\spring-boot-starter-test-2.1.6.RELEASE.jar;E:\develop_software\maven\respository\org\springframework\boot\spring-boot-test-autoconfigure\2.1.6.RELEASE\spring-boot-test-autoconfigure-2.1.6.RELEASE.jar;E:\develop_software\maven\respository\org\assertj\assertj-core\3.11.1\assertj-core-3.11.1.jar;E:\develop_software\maven\respository\org\mockito\mockito-core\2.23.4\mockito-core-2.23.4.jar;E:\develop_software\maven\respository\net\bytebuddy\byte-buddy\1.9.13\byte-buddy-1.9.13.jar;E:\develop_software\maven\respository\net\bytebuddy\byte-buddy-agent\1.9.13\byte-buddy-agent-1.9.13.jar;E:\develop_software\maven\respository\org\objenesis\objenesis\2.6\objenesis-2.6.jar;E:\develop_software\maven\respository\org\hamcrest\hamcrest-library\1.3\hamcrest-library-1.3.jar;E:\develop_software\maven\respository\org\skyscreamer\jsonassert\1.5.0\jsonassert-1.5.0.jar;E:\develop_software\maven\respository\com\vaadin\external\google\android-json\0.0.20131108.vaadin1\android-json-0.0.20131108.vaadin1.jar;E:\develop_software\maven\respository\org\springframework\spring-core\5.1.8.RELEASE\spring-core-5.1.8.RELEASE.jar;E:\develop_software\maven\respository\org\springframework\spring-jcl\5.1.8.RELEASE\spring-jcl-5.1.8.RELEASE.jar;E:\develop_software\maven\respository\org\xmlunit\xmlunit-core\2.6.2\xmlunit-core-2.6.2.jar;E:\develop_software\maven\respository\javax\xml\bind\jaxb-api\2.3.1\jaxb-api-2.3.1.jar;E:\develop_software\maven\respository\javax\activation\javax.activation-api\1.2.0\javax.activation-api-1.2.0.jar;E:\develop_software\maven\respository\com\jayway\jsonpath\json-path\2.4.0\json-path-2.4.0.jar;E:\develop_software\maven\respository\net\minidev\json-smart\2.3\json-smart-2.3.jar;E:\develop_software\maven\respository\net\minidev\accessors-smart\1.2\accessors-smart-1.2.jar;E:\develop_software\maven\respository\org\ow2\asm\asm\5.0.4\asm-5.0.4.jar;E:\develop_software\maven\respository\org\slf4j\slf4j-api\1.7.26\slf4j-api-1.7.26.jar;E:\develop_software\maven\respository\mysql\mysql-connector-java\5.1.41\mysql-connector-java-5.1.41.jar;E:\develop_software\maven\respository\com\alibaba\druid\1.1.3\druid-1.1.3.jar;E:\develop_software\maven\respository\org\mybatis\spring\boot\mybatis-spring-boot-starter\1.3.1\mybatis-spring-boot-starter-1.3.1.jar;E:\develop_software\maven\respository\org\springframework\boot\spring-boot-starter-jdbc\2.1.6.RELEASE\spring-boot-starter-jdbc-2.1.6.RELEASE.jar;E:\develop_software\maven\respository\com\zaxxer\HikariCP\3.2.0\HikariCP-3.2.0.jar;E:\develop_software\maven\respository\org\springframework\spring-jdbc\5.1.8.RELEASE\spring-jdbc-5.1.8.RELEASE.jar;E:\develop_software\maven\respository\org\mybatis\spring\boot\mybatis-spring-boot-autoconfigure\1.3.1\mybatis-spring-boot-autoconfigure-1.3.1.jar;E:\develop_software\maven\respository\org\mybatis\mybatis\3.4.5\mybatis-3.4.5.jar;E:\develop_software\maven\respository\org\mybatis\mybatis-spring\1.3.1\mybatis-spring-1.3.1.jar;E:\develop_software\maven\respository\org\springframework\boot\spring-boot-starter\2.1.6.RELEASE\spring-boot-starter-2.1.6.RELEASE.jar;E:\develop_software\maven\respository\org\springframework\boot\spring-boot\2.1.6.RELEASE\spring-boot-2.1.6.RELEASE.jar;E:\develop_software\maven\respository\org\springframework\boot\spring-boot-autoconfigure\2.1.6.RELEASE\spring-boot-autoconfigure-2.1.6.RELEASE.jar;E:\develop_software\maven\respository\javax\annotation\javax.annotation-api\1.3.2\javax.annotation-api-1.3.2.jar;E:\develop_software\maven\respository\org\yaml\snakeyaml\1.23\snakeyaml-1.23.jar;E:\develop_software\maven\respository\org\springframework\boot\spring-boot-starter-log4j2\2.1.6.RELEASE\spring-boot-starter-log4j2-2.1.6.RELEASE.jar;E:\develop_software\maven\respository\org\apache\logging\log4j\log4j-slf4j-impl\2.11.2\log4j-slf4j-impl-2.11.2.jar;E:\develop_software\maven\respository\org\apache\logging\log4j\log4j-api\2.11.2\log4j-api-2.11.2.jar;E:\develop_software\maven\respository\org\apache\logging\log4j\log4j-core\2.11.2\log4j-core-2.11.2.jar;E:\develop_software\maven\respository\org\apache\logging\log4j\log4j-jul\2.11.2\log4j-jul-2.11.2.jar;E:\develop_software\maven\respository\org\slf4j\jul-to-slf4j\1.7.26\jul-to-slf4j-1.7.26.jar;E:\develop_software\maven\respository\org\springframework\boot\spring-boot-starter-aop\2.1.6.RELEASE\spring-boot-starter-aop-2.1.6.RELEASE.jar;E:\develop_software\maven\respository\org\springframework\spring-aop\5.1.8.RELEASE\spring-aop-5.1.8.RELEASE.jar;E:\develop_software\maven\respository\org\aspectj\aspectjweaver\1.9.4\aspectjweaver-1.9.4.jar;E:\develop_software\maven\respository\org\apache\commons\commons-lang3\3.7\commons-lang3-3.7.jar;E:\develop_software\maven\respository\javax\validation\validation-api\2.0.1.Final\validation-api-2.0.1.Final.jar;E:\develop_software\maven\respository\org\hibernate\validator\hibernate-validator\6.0.16.Final\hibernate-validator-6.0.16.Final.jar;E:\develop_software\maven\respository\org\jboss\logging\jboss-logging\3.3.2.Final\jboss-logging-3.3.2.Final.jar;E:\develop_software\maven\respository\com\fasterxml\classmate\1.4.0\classmate-1.4.0.jar;E:\develop_software\maven\respository\org\springframework\boot\spring-boot-starter-cache\2.1.6.RELEASE\spring-boot-starter-cache-2.1.6.RELEASE.jar;E:\develop_software\maven\respository\org\springframework\spring-context-support\5.1.8.RELEASE\spring-context-support-5.1.8.RELEASE.jar;E:\develop_software\maven\respository\org\springframework\boot\spring-boot-starter-data-redis\2.1.6.RELEASE\spring-boot-starter-data-redis-2.1.6.RELEASE.jar;E:\develop_software\maven\respository\org\springframework\data\spring-data-redis\2.1.9.RELEASE\spring-data-redis-2.1.9.RELEASE.jar;E:\develop_software\maven\respository\org\springframework\data\spring-data-keyvalue\2.1.9.RELEASE\spring-data-keyvalue-2.1.9.RELEASE.jar;E:\develop_software\maven\respository\org\springframework\data\spring-data-commons\2.1.9.RELEASE\spring-data-commons-2.1.9.RELEASE.jar;E:\develop_software\maven\respository\org\springframework\spring-tx\5.1.8.RELEASE\spring-tx-5.1.8.RELEASE.jar;E:\develop_software\maven\respository\org\springframework\spring-oxm\5.1.8.RELEASE\spring-oxm-5.1.8.RELEASE.jar;E:\develop_software\maven\respository\io\lettuce\lettuce-core\5.1.7.RELEASE\lettuce-core-5.1.7.RELEASE.jar;E:\develop_software\maven\respository\io\netty\netty-common\4.1.36.Final\netty-common-4.1.36.Final.jar;E:\develop_software\maven\respository\io\netty\netty-handler\4.1.36.Final\netty-handler-4.1.36.Final.jar;E:\develop_software\maven\respository\io\netty\netty-buffer\4.1.36.Final\netty-buffer-4.1.36.Final.jar;E:\develop_software\maven\respository\io\netty\netty-codec\4.1.36.Final\netty-codec-4.1.36.Final.jar;E:\develop_software\maven\respository\io\netty\netty-transport\4.1.36.Final\netty-transport-4.1.36.Final.jar;E:\develop_software\maven\respository\io\netty\netty-resolver\4.1.36.Final\netty-resolver-4.1.36.Final.jar;E:\develop_software\maven\respository\io\projectreactor\reactor-core\3.2.10.RELEASE\reactor-core-3.2.10.RELEASE.jar;E:\develop_software\maven\respository\org\reactivestreams\reactive-streams\1.0.2\reactive-streams-1.0.2.jar;E:\develop_software\maven\respository\org\apache\commons\commons-pool2\2.6.2\commons-pool2-2.6.2.jar;E:\develop_software\maven\respository\com\alibaba\fastjson\1.2.56\fastjson-1.2.56.jar;E:\develop_software\maven\respository\org\springframework\boot\spring-boot-test\2.1.6.RELEASE\spring-boot-test-2.1.6.RELEASE.jar;E:\develop_software\maven\respository\org\springframework\spring-test\5.1.8.RELEASE\spring-test-5.1.8.RELEASE.jar;"/>
    <property name="sun.cpu.endian" value="little"/>
    <property name="user.home" value="C:\Users\Chan"/>
    <property name="user.language" value="zh"/>
    <property name="java.specification.vendor" value="Oracle Corporation"/>
    <property name="java.version.date" value="2018-04-17"/>
    <property name="java.home" value="C:\Program Files\Java\jdk-10.0.1"/>
    <property name="file.separator" value="\"/>
    <property name="basedir" value="E:\code\MyBlogRepository\miaosha"/>
    <property name="java.vm.compressedOopsMode" value="32-bit"/>
    <property name="line.separator" value="&#10;"/>
    <property name="java.specification.name" value="Java Platform API Specification"/>
    <property name="java.vm.specification.vendor" value="Oracle Corporation"/>
    <property name="java.awt.graphicsenv" value="sun.awt.Win32GraphicsEnvironment"/>
    <property name="surefire.real.class.path" value="C:\Users\Chan\AppData\Local\Temp\surefire6157782820526008323\surefirebooter3959718612008857397.jar"/>
    <property name="user.script" value=""/>
    <property name="sun.management.compiler" value="HotSpot 64-Bit Tiered Compilers"/>
    <property name="java.runtime.version" value="10.0.1+10"/>
    <property name="user.name" value="Chan"/>
    <property name="path.separator" value=";"/>
    <property name="os.version" value="10.0"/>
    <property name="java.runtime.name" value="Java(TM) SE Runtime Environment"/>
    <property name="file.encoding" value="GBK"/>
    <property name="java.vm.name" value="Java HotSpot(TM) 64-Bit Server VM"/>
    <property name="java.vendor.version" value="18.3"/>
    <property name="localRepository" value="E:\develop_software\maven\respository"/>
    <property name="java.vendor.url.bug" value="http://bugreport.java.com/bugreport/"/>
    <property name="java.io.tmpdir" value="C:\Users\Chan\AppData\Local\Temp\"/>
    <property name="idea.version" value="2018.2.5"/>
    <property name="java.version" value="10.0.1"/>
    <property name="user.dir" value="E:\code\MyBlogRepository\miaosha"/>
    <property name="os.arch" value="amd64"/>
    <property name="java.vm.specification.name" value="Java Virtual Machine Specification"/>
    <property name="java.awt.printerjob" value="sun.awt.windows.WPrinterJob"/>
    <property name="sun.os.patch.level" value=""/>
    <property name="java.library.path" value="C:\Program Files\Java\jdk-10.0.1\bin;C:\Windows\Sun\Java\bin;C:\Windows\system32;C:\Windows;C:\Program Files (x86)\Common Files\Oracle\Java\javapath;C:\Windows\system32;C:\Windows;C:\Windows\System32\Wbem;C:\Windows\System32\WindowsPowerShell\v1.0\;C:\Program Files (x86)\Intel\OpenCL SDK\2.0\bin\x86;C:\Program Files (x86)\Intel\OpenCL SDK\2.0\bin\x64;C:\Program Files (x86)\NVIDIA Corporation\PhysX\Common;C:\Program Files (x86)\Windows Kits\8.1\Windows Performance Toolkit\;C:\Program Files\Microsoft SQL Server\110\Tools\Binn\;C:\Program Files\Java\jdk-10.0.1\bin;C:\Program Files\Java\jre-10.0.1\bin;D:\windows_software\TeacherAssist\dll;C:\Program Files\Git\cmd;E:\develop_software\maven\apache-maven-3.6.1\bin;C:\Users\Chan\AppData\Local\Microsoft\WindowsApps;C:\Users\Chan\AppData\Local\GitHubDesktop\bin;."/>
    <property name="java.vendor" value="Oracle Corporation"/>
    <property name="java.vm.info" value="mixed mode"/>
    <property name="java.vm.version" value="10.0.1+10"/>
    <property name="sun.io.unicode.encoding" value="UnicodeLittle"/>
    <property name="maven.repo.local" value="E:\develop_software\maven\respository"/>
    <property name="java.class.version" value="54.0"/>
  </properties>
  <testcase name="shouldAnswerWithTrue" classname="com.yida.AppTest" time="0.002"/>
</testsuite>